<?xml version="1.0" encoding="UTF-8"?>
<!-- Generated by org.testng.reporters.JUnitReportReporter -->
<testsuite hostname="Kursh" failures="0" tests="1" name="com.webapp.guru.TestCase.TC_AddCustomerTest_003" time="20.206" errors="0" timestamp="22 Jun 2023 07:52:50 GMT">
  <testcase classname="com.webapp.guru.TestCase.TC_AddCustomerTest_003" name="addNewCustomer" time="20.206"/>
</testsuite> <!-- com.webapp.guru.TestCase.TC_AddCustomerTest_003 -->
