<?xml version="1.0" encoding="UTF-8"?>
<!-- Generated by org.testng.reporters.JUnitReportReporter -->
<testsuite hostname="Kursh" failures="0" tests="1" name="com.webapp.guru.TestCase.ExtendReportClass" time="0.820" errors="0" timestamp="2 Jun 2023 08:59:25 GMT">
  <testcase classname="com.webapp.guru.TestCase.ExtendReportClass" name="loginTest" time="0.820"/>
</testsuite> <!-- com.webapp.guru.TestCase.ExtendReportClass -->
