<?xml version="1.0" encoding="UTF-8"?>
<!-- Generated by org.testng.reporters.JUnitReportReporter -->
<testsuite hostname="Kursh" failures="0" tests="3" name="com.webapp.guru.TestCase.myexodttcf" time="36.156" errors="0" timestamp="6 Jun 2023 10:05:38 GMT">
  <testcase classname="com.webapp.guru.TestCase.myexodttcf" name="loginDDT" time="10.342"/>
  <testcase classname="com.webapp.guru.TestCase.myexodttcf" name="loginDDT" time="11.608"/>
  <testcase classname="com.webapp.guru.TestCase.myexodttcf" name="loginDDT" time="14.206"/>
</testsuite> <!-- com.webapp.guru.TestCase.myexodttcf -->
