<?xml version="1.0" encoding="UTF-8"?>
<!-- Generated by org.testng.reporters.JUnitReportReporter -->
<testsuite hostname="Kursh" failures="0" tests="1" name="com.webapp.guru.TestCase.TC_002_LoginTestCaseDDT_002" time="6.211" errors="0" timestamp="22 Jun 2023 08:31:39 GMT">
  <testcase classname="com.webapp.guru.TestCase.TC_002_LoginTestCaseDDT_002" name="loginDDT" time="6.211"/>
</testsuite> <!-- com.webapp.guru.TestCase.TC_002_LoginTestCaseDDT_002 -->
