<?xml version="1.0" encoding="UTF-8"?>
<!-- Generated by org.testng.reporters.JUnitReportReporter -->
<testsuite hostname="Kursh" name="com.webapp.guru.TestCase.Hm" tests="1" failures="0" timestamp="22 Jun 2023 12:00:22 GMT" time="3.544" errors="0">
  <testcase name="loginTest" time="3.544" classname="com.webapp.guru.TestCase.Hm"/>
</testsuite> <!-- com.webapp.guru.TestCase.Hm -->
