<?xml version="1.0" encoding="UTF-8"?>
<!-- Generated by org.testng.reporters.JUnitReportReporter -->
<testsuite hostname="Kursh" name="com.webapp.guru.TestCase.TC_002_LoginTestCaseDDT_002" tests="1" failures="0" timestamp="22 Jun 2023 12:00:22 GMT" time="18.147" errors="0">
  <testcase name="loginDDT" time="18.147" classname="com.webapp.guru.TestCase.TC_002_LoginTestCaseDDT_002"/>
</testsuite> <!-- com.webapp.guru.TestCase.TC_002_LoginTestCaseDDT_002 -->
